<?xml version="1.0" encoding="UTF-8"?>
<!-- Generated by org.testng.reporters.JUnitXMLReporter -->
<testsuite hostname="HP-PC" ignored="4" name="Lead" tests="2" failures="2" timestamp="23 Jun 2018 05:59:13 GMT" time="37.671" errors="0">
  <testcase name="main" time="10.087" classname="tests.EditLead">
    <failure type="java.lang.RuntimeException" message="Element not found">
      <![CDATA[java.lang.RuntimeException: Element not found
at lib.selenium.WebDriverServiceImpl.locateElement(WebDriverServiceImpl.java:44)
at tests.EditLead.main(EditLead.java:14)
at java.util.concurrent.ThreadPoolExecutor.runWorker(ThreadPoolExecutor.java:1149)
at java.util.concurrent.ThreadPoolExecutor$Worker.run(ThreadPoolExecutor.java:624)
at java.lang.Thread.run(Thread.java:748)
... Removed 10 stack frames]]>
    </failure>
  </testcase> <!-- main -->
  <testcase name="createLead" time="17.814" classname="tests.CreateLead">
    <failure type="java.lang.RuntimeException" message="Element not found">
      <![CDATA[java.lang.RuntimeException: Element not found
at lib.selenium.WebDriverServiceImpl.locateElement(WebDriverServiceImpl.java:44)
at tests.CreateLead.createLead(CreateLead.java:14)
at java.util.concurrent.ThreadPoolExecutor.runWorker(ThreadPoolExecutor.java:1149)
at java.util.concurrent.ThreadPoolExecutor$Worker.run(ThreadPoolExecutor.java:624)
at java.lang.Thread.run(Thread.java:748)
... Removed 10 stack frames]]>
    </failure>
  </testcase> <!-- createLead -->
  <testcase name="@AfterSuite afterSuite" time="0.0" classname="lib.selenium.PreAndPost">
    <ignored/>
  </testcase> <!-- @AfterSuite afterSuite -->
  <testcase name="@BeforeTest beforeTest" time="0.0" classname="lib.selenium.PreAndPost">
    <ignored/>
  </testcase> <!-- @BeforeTest beforeTest -->
  <testcase name="@AfterTest afterTest" time="0.0" classname="lib.selenium.PreAndPost">
    <ignored/>
  </testcase> <!-- @AfterTest afterTest -->
  <testcase name="@BeforeSuite beforeSuite" time="0.0" classname="lib.selenium.PreAndPost">
    <ignored/>
  </testcase> <!-- @BeforeSuite beforeSuite -->
</testsuite> <!-- Lead -->
