<?xml version="1.0" encoding="UTF-8"?>
<testng-results skipped="0" failed="0" ignored="0" total="1" passed="1">
  <reporter-output>
  </reporter-output>
  <suite name="Annotation" duration-ms="46202" started-at="2018-07-15T07:05:24Z" finished-at="2018-07-15T07:06:10Z">
    <groups>
    </groups>
    <test name="Lead" duration-ms="46202" started-at="2018-07-15T07:05:24Z" finished-at="2018-07-15T07:06:10Z">
      <class name="week6day1.CreateLead">
        <test-method status="PASS" signature="beforeSuite()[pri:0, instance:week6day1.CreateLead@55d56113]" name="beforeSuite" is-config="true" duration-ms="195" started-at="2018-07-15T07:05:24Z" finished-at="2018-07-15T07:05:24Z">
          <reporter-output>
          </reporter-output>
        </test-method> <!-- beforeSuite -->
        <test-method status="PASS" signature="beforeTest()[pri:0, instance:week6day1.CreateLead@55d56113]" name="beforeTest" is-config="true" duration-ms="1" started-at="2018-07-15T07:05:24Z" finished-at="2018-07-15T07:05:24Z">
          <reporter-output>
          </reporter-output>
        </test-method> <!-- beforeTest -->
        <test-method status="PASS" signature="setValue()[pri:0, instance:week6day1.CreateLead@55d56113]" name="setValue" is-config="true" duration-ms="0" started-at="2018-07-15T07:05:24Z" depends-on-methods="lib.selenium.PreAndPost.beforeTest" finished-at="2018-07-15T07:05:24Z">
          <reporter-output>
          </reporter-output>
        </test-method> <!-- setValue -->
        <test-method status="PASS" signature="beforeClass()[pri:0, instance:week6day1.CreateLead@55d56113]" name="beforeClass" is-config="true" duration-ms="2" started-at="2018-07-15T07:05:24Z" finished-at="2018-07-15T07:05:24Z">
          <reporter-output>
          </reporter-output>
        </test-method> <!-- beforeClass -->
        <test-method status="PASS" signature="beforeMethod(java.lang.String, java.lang.String, java.lang.String)[pri:0, instance:week6day1.CreateLead@55d56113]" name="beforeMethod" is-config="true" duration-ms="28465" started-at="2018-07-15T07:05:25Z" finished-at="2018-07-15T07:05:53Z">
          <params>
            <param index="0">
              <value>
                <![CDATA[http://leaftaps.com/opentaps/]]>
              </value>
            </param>
            <param index="1">
              <value>
                <![CDATA[DemoSalesManager]]>
              </value>
            </param>
            <param index="2">
              <value>
                <![CDATA[crmsfa]]>
              </value>
            </param>
          </params>
          <reporter-output>
          </reporter-output>
        </test-method> <!-- beforeMethod -->
        <test-method status="PASS" signature="createLead(java.lang.String, java.lang.String, java.lang.String, java.lang.String, java.lang.String)[pri:0, instance:week6day1.CreateLead@55d56113]" name="createLead" duration-ms="14521" started-at="2018-07-15T07:05:53Z" data-provider="UAT" finished-at="2018-07-15T07:06:08Z">
          <params>
            <param index="0">
              <value>
                <![CDATA[Temenos]]>
              </value>
            </param>
            <param index="1">
              <value>
                <![CDATA[Test]]>
              </value>
            </param>
            <param index="2">
              <value>
                <![CDATA[name]]>
              </value>
            </param>
            <param index="3">
              <value>
                <![CDATA[Test@temenos.com]]>
              </value>
            </param>
            <param index="4">
              <value>
                <![CDATA[213546543]]>
              </value>
            </param>
          </params>
          <reporter-output>
          </reporter-output>
        </test-method> <!-- createLead -->
        <test-method status="PASS" signature="afterMethod()[pri:0, instance:week6day1.CreateLead@55d56113]" name="afterMethod" is-config="true" duration-ms="2561" started-at="2018-07-15T07:06:08Z" finished-at="2018-07-15T07:06:10Z">
          <reporter-output>
          </reporter-output>
        </test-method> <!-- afterMethod -->
        <test-method status="PASS" signature="afterClass()[pri:0, instance:week6day1.CreateLead@55d56113]" name="afterClass" is-config="true" duration-ms="1" started-at="2018-07-15T07:06:10Z" finished-at="2018-07-15T07:06:10Z">
          <reporter-output>
          </reporter-output>
        </test-method> <!-- afterClass -->
        <test-method status="PASS" signature="afterTest()[pri:0, instance:week6day1.CreateLead@55d56113]" name="afterTest" is-config="true" duration-ms="0" started-at="2018-07-15T07:06:10Z" finished-at="2018-07-15T07:06:10Z">
          <reporter-output>
          </reporter-output>
        </test-method> <!-- afterTest -->
        <test-method status="PASS" signature="afterSuite()[pri:0, instance:week6day1.CreateLead@55d56113]" name="afterSuite" is-config="true" duration-ms="1064" started-at="2018-07-15T07:06:10Z" finished-at="2018-07-15T07:06:11Z">
          <reporter-output>
          </reporter-output>
        </test-method> <!-- afterSuite -->
      </class> <!-- week6day1.CreateLead -->
    </test> <!-- Lead -->
  </suite> <!-- Annotation -->
</testng-results>
